2019-09-24 09:34:54,490 [JavaFX Application Thread] ERROR gov.ca.water.quickresults.ui.projectconfig.ProjectConfigurationPanel - Error setting up quick results swing xml: Project_Configuration.xml
java.io.IOException: Resource could not be found ui/Project_Configuration.xml
	at org.swixml.SwingEngine.render(Unknown Source)
	at gov.ca.water.quickresults.ui.EpptPanel.renderSwixml(EpptPanel.java:93)
	at gov.ca.water.quickresults.ui.projectconfig.ProjectConfigurationPanel.<init>(ProjectConfigurationPanel.java:69)
	at gov.ca.water.quickresults.ui.projectconfig.ProjectConfigurationPanel.<clinit>(ProjectConfigurationPanel.java:58)
	at gov.ca.water.trendreporting.TrendReportPanel.init(TrendReportPanel.java:135)
	at com.sun.javafx.application.PlatformImpl.lambda$null$177(PlatformImpl.java:295)
	at java.security.AccessController.doPrivileged(Native Method)
	at com.sun.javafx.application.PlatformImpl.lambda$runLater$178(PlatformImpl.java:294)
	at com.sun.glass.ui.InvokeLaterDispatcher$Future.run(InvokeLaterDispatcher.java:95)
	at com.sun.glass.ui.win.WinApplication._runLoop(Native Method)
	at com.sun.glass.ui.win.WinApplication.lambda$null$152(WinApplication.java:177)
	at java.lang.Thread.run(Unknown Source)
2019-09-24 09:43:42,225 [JavaFX Application Thread] ERROR gov.ca.water.quickresults.ui.projectconfig.ProjectConfigurationPanel - Error setting up quick results swing xml: Project_Configuration.xml
java.io.IOException: Resource could not be found ui/Project_Configuration.xml
	at org.swixml.SwingEngine.render(Unknown Source)
	at gov.ca.water.quickresults.ui.EpptPanel.renderSwixml(EpptPanel.java:93)
	at gov.ca.water.quickresults.ui.projectconfig.ProjectConfigurationPanel.<init>(ProjectConfigurationPanel.java:69)
	at gov.ca.water.quickresults.ui.projectconfig.ProjectConfigurationPanel.<clinit>(ProjectConfigurationPanel.java:58)
	at gov.ca.water.trendreporting.TrendReportPanel.init(TrendReportPanel.java:135)
	at com.sun.javafx.application.PlatformImpl.lambda$null$177(PlatformImpl.java:295)
	at java.security.AccessController.doPrivileged(Native Method)
	at com.sun.javafx.application.PlatformImpl.lambda$runLater$178(PlatformImpl.java:294)
	at com.sun.glass.ui.InvokeLaterDispatcher$Future.run(InvokeLaterDispatcher.java:95)
	at com.sun.glass.ui.win.WinApplication._runLoop(Native Method)
	at com.sun.glass.ui.win.WinApplication.lambda$null$152(WinApplication.java:177)
	at java.lang.Thread.run(Unknown Source)
2019-09-24 09:52:01,409 [JavaFX Application Thread] ERROR gov.ca.water.quickresults.ui.projectconfig.ProjectConfigurationPanel - Error setting up quick results swing xml: Project_Configuration.xml
java.io.IOException: Resource could not be found ui/Project_Configuration.xml
	at org.swixml.SwingEngine.render(Unknown Source)
	at gov.ca.water.quickresults.ui.EpptPanel.renderSwixml(EpptPanel.java:93)
	at gov.ca.water.quickresults.ui.projectconfig.ProjectConfigurationPanel.<init>(ProjectConfigurationPanel.java:69)
	at gov.ca.water.quickresults.ui.projectconfig.ProjectConfigurationPanel.<clinit>(ProjectConfigurationPanel.java:58)
	at gov.ca.water.trendreporting.TrendReportPanel.init(TrendReportPanel.java:135)
	at com.sun.javafx.application.PlatformImpl.lambda$null$177(PlatformImpl.java:295)
	at java.security.AccessController.doPrivileged(Native Method)
	at com.sun.javafx.application.PlatformImpl.lambda$runLater$178(PlatformImpl.java:294)
	at com.sun.glass.ui.InvokeLaterDispatcher$Future.run(InvokeLaterDispatcher.java:95)
	at com.sun.glass.ui.win.WinApplication._runLoop(Native Method)
	at com.sun.glass.ui.win.WinApplication.lambda$null$152(WinApplication.java:177)
	at java.lang.Thread.run(Unknown Source)
2019-09-24 09:55:46,128 [JavaFX Application Thread] ERROR gov.ca.water.quickresults.ui.projectconfig.ProjectConfigurationPanel - Error setting up quick results swing xml: Project_Configuration.xml
java.io.IOException: Resource could not be found ui/Project_Configuration.xml
	at org.swixml.SwingEngine.render(Unknown Source)
	at gov.ca.water.quickresults.ui.EpptPanel.renderSwixml(EpptPanel.java:93)
	at gov.ca.water.quickresults.ui.projectconfig.ProjectConfigurationPanel.<init>(ProjectConfigurationPanel.java:69)
	at gov.ca.water.quickresults.ui.projectconfig.ProjectConfigurationPanel.<clinit>(ProjectConfigurationPanel.java:58)
	at gov.ca.water.trendreporting.TrendReportPanel.init(TrendReportPanel.java:135)
	at com.sun.javafx.application.PlatformImpl.lambda$null$177(PlatformImpl.java:295)
	at java.security.AccessController.doPrivileged(Native Method)
	at com.sun.javafx.application.PlatformImpl.lambda$runLater$178(PlatformImpl.java:294)
	at com.sun.glass.ui.InvokeLaterDispatcher$Future.run(InvokeLaterDispatcher.java:95)
	at com.sun.glass.ui.win.WinApplication._runLoop(Native Method)
	at com.sun.glass.ui.win.WinApplication.lambda$null$152(WinApplication.java:177)
	at java.lang.Thread.run(Unknown Source)
2019-09-24 09:56:09,919 [JavaFX Application Thread] ERROR gov.ca.water.quickresults.ui.projectconfig.ProjectConfigurationPanel - Error setting up quick results swing xml: Project_Configuration.xml
java.io.IOException: Resource could not be found ui/Project_Configuration.xml
	at org.swixml.SwingEngine.render(Unknown Source)
	at gov.ca.water.quickresults.ui.EpptPanel.renderSwixml(EpptPanel.java:93)
	at gov.ca.water.quickresults.ui.projectconfig.ProjectConfigurationPanel.<init>(ProjectConfigurationPanel.java:69)
	at gov.ca.water.quickresults.ui.projectconfig.ProjectConfigurationPanel.<clinit>(ProjectConfigurationPanel.java:58)
	at gov.ca.water.trendreporting.TrendReportPanel.init(TrendReportPanel.java:135)
	at com.sun.javafx.application.PlatformImpl.lambda$null$177(PlatformImpl.java:295)
	at java.security.AccessController.doPrivileged(Native Method)
	at com.sun.javafx.application.PlatformImpl.lambda$runLater$178(PlatformImpl.java:294)
	at com.sun.glass.ui.InvokeLaterDispatcher$Future.run(InvokeLaterDispatcher.java:95)
	at com.sun.glass.ui.win.WinApplication._runLoop(Native Method)
	at com.sun.glass.ui.win.WinApplication.lambda$null$152(WinApplication.java:177)
	at java.lang.Thread.run(Unknown Source)
2019-09-24 09:57:18,490 [JavaFX Application Thread] ERROR gov.ca.water.quickresults.ui.projectconfig.ProjectConfigurationPanel - Error setting up quick results swing xml: Project_Configuration.xml
java.io.IOException: Resource could not be found ui/Project_Configuration.xml
	at org.swixml.SwingEngine.render(Unknown Source)
	at gov.ca.water.quickresults.ui.EpptPanel.renderSwixml(EpptPanel.java:93)
	at gov.ca.water.quickresults.ui.projectconfig.ProjectConfigurationPanel.<init>(ProjectConfigurationPanel.java:69)
	at gov.ca.water.quickresults.ui.projectconfig.ProjectConfigurationPanel.<clinit>(ProjectConfigurationPanel.java:58)
	at gov.ca.water.trendreporting.TrendReportPanel.init(TrendReportPanel.java:135)
	at com.sun.javafx.application.PlatformImpl.lambda$null$177(PlatformImpl.java:295)
	at java.security.AccessController.doPrivileged(Native Method)
	at com.sun.javafx.application.PlatformImpl.lambda$runLater$178(PlatformImpl.java:294)
	at com.sun.glass.ui.InvokeLaterDispatcher$Future.run(InvokeLaterDispatcher.java:95)
	at com.sun.glass.ui.win.WinApplication._runLoop(Native Method)
	at com.sun.glass.ui.win.WinApplication.lambda$null$152(WinApplication.java:177)
	at java.lang.Thread.run(Unknown Source)
2019-09-24 09:58:06,660 [JavaFX Application Thread] ERROR gov.ca.water.quickresults.ui.projectconfig.ProjectConfigurationPanel - Error setting up quick results swing xml: Project_Configuration.xml
java.io.IOException: Resource could not be found ui/Project_Configuration.xml
	at org.swixml.SwingEngine.render(Unknown Source)
	at gov.ca.water.quickresults.ui.EpptPanel.renderSwixml(EpptPanel.java:93)
	at gov.ca.water.quickresults.ui.projectconfig.ProjectConfigurationPanel.<init>(ProjectConfigurationPanel.java:69)
	at gov.ca.water.quickresults.ui.projectconfig.ProjectConfigurationPanel.<clinit>(ProjectConfigurationPanel.java:58)
	at gov.ca.water.trendreporting.TrendReportPanel.init(TrendReportPanel.java:135)
	at com.sun.javafx.application.PlatformImpl.lambda$null$177(PlatformImpl.java:295)
	at java.security.AccessController.doPrivileged(Native Method)
	at com.sun.javafx.application.PlatformImpl.lambda$runLater$178(PlatformImpl.java:294)
	at com.sun.glass.ui.InvokeLaterDispatcher$Future.run(InvokeLaterDispatcher.java:95)
	at com.sun.glass.ui.win.WinApplication._runLoop(Native Method)
	at com.sun.glass.ui.win.WinApplication.lambda$null$152(WinApplication.java:177)
	at java.lang.Thread.run(Unknown Source)
2019-09-24 10:01:12,018 [JavaFX Application Thread] ERROR gov.ca.water.quickresults.ui.projectconfig.ProjectConfigurationPanel - Error setting up quick results swing xml: Project_Configuration.xml
java.io.IOException: Resource could not be found ui/Project_Configuration.xml
	at org.swixml.SwingEngine.render(Unknown Source)
	at gov.ca.water.quickresults.ui.EpptPanel.renderSwixml(EpptPanel.java:93)
	at gov.ca.water.quickresults.ui.projectconfig.ProjectConfigurationPanel.<init>(ProjectConfigurationPanel.java:69)
	at gov.ca.water.quickresults.ui.projectconfig.ProjectConfigurationPanel.<clinit>(ProjectConfigurationPanel.java:58)
	at gov.ca.water.trendreporting.TrendReportPanel.init(TrendReportPanel.java:135)
	at com.sun.javafx.application.PlatformImpl.lambda$null$177(PlatformImpl.java:295)
	at java.security.AccessController.doPrivileged(Native Method)
	at com.sun.javafx.application.PlatformImpl.lambda$runLater$178(PlatformImpl.java:294)
	at com.sun.glass.ui.InvokeLaterDispatcher$Future.run(InvokeLaterDispatcher.java:95)
	at com.sun.glass.ui.win.WinApplication._runLoop(Native Method)
	at com.sun.glass.ui.win.WinApplication.lambda$null$152(WinApplication.java:177)
	at java.lang.Thread.run(Unknown Source)
2019-09-24 10:02:27,969 [JavaFX Application Thread] ERROR gov.ca.water.quickresults.ui.projectconfig.ProjectConfigurationPanel - Error setting up quick results swing xml: Project_Configuration.xml
java.io.IOException: Resource could not be found ui/Project_Configuration.xml
	at org.swixml.SwingEngine.render(Unknown Source)
	at gov.ca.water.quickresults.ui.EpptPanel.renderSwixml(EpptPanel.java:93)
	at gov.ca.water.quickresults.ui.projectconfig.ProjectConfigurationPanel.<init>(ProjectConfigurationPanel.java:69)
	at gov.ca.water.quickresults.ui.projectconfig.ProjectConfigurationPanel.<clinit>(ProjectConfigurationPanel.java:58)
	at gov.ca.water.trendreporting.TrendReportPanel.init(TrendReportPanel.java:135)
	at com.sun.javafx.application.PlatformImpl.lambda$null$177(PlatformImpl.java:295)
	at java.security.AccessController.doPrivileged(Native Method)
	at com.sun.javafx.application.PlatformImpl.lambda$runLater$178(PlatformImpl.java:294)
	at com.sun.glass.ui.InvokeLaterDispatcher$Future.run(InvokeLaterDispatcher.java:95)
	at com.sun.glass.ui.win.WinApplication._runLoop(Native Method)
	at com.sun.glass.ui.win.WinApplication.lambda$null$152(WinApplication.java:177)
	at java.lang.Thread.run(Unknown Source)
2019-09-24 10:03:07,670 [JavaFX Application Thread] ERROR gov.ca.water.quickresults.ui.projectconfig.ProjectConfigurationPanel - Error setting up quick results swing xml: Project_Configuration.xml
java.io.IOException: Resource could not be found ui/Project_Configuration.xml
	at org.swixml.SwingEngine.render(Unknown Source)
	at gov.ca.water.quickresults.ui.EpptPanel.renderSwixml(EpptPanel.java:93)
	at gov.ca.water.quickresults.ui.projectconfig.ProjectConfigurationPanel.<init>(ProjectConfigurationPanel.java:69)
	at gov.ca.water.quickresults.ui.projectconfig.ProjectConfigurationPanel.<clinit>(ProjectConfigurationPanel.java:58)
	at gov.ca.water.trendreporting.TrendReportPanel.init(TrendReportPanel.java:135)
	at com.sun.javafx.application.PlatformImpl.lambda$null$177(PlatformImpl.java:295)
	at java.security.AccessController.doPrivileged(Native Method)
	at com.sun.javafx.application.PlatformImpl.lambda$runLater$178(PlatformImpl.java:294)
	at com.sun.glass.ui.InvokeLaterDispatcher$Future.run(InvokeLaterDispatcher.java:95)
	at com.sun.glass.ui.win.WinApplication._runLoop(Native Method)
	at com.sun.glass.ui.win.WinApplication.lambda$null$152(WinApplication.java:177)
	at java.lang.Thread.run(Unknown Source)
2019-09-24 10:04:01,659 [JavaFX Application Thread] ERROR gov.ca.water.quickresults.ui.projectconfig.ProjectConfigurationPanel - Error setting up quick results swing xml: Project_Configuration.xml
java.io.IOException: Resource could not be found ui/Project_Configuration.xml
	at org.swixml.SwingEngine.render(Unknown Source)
	at gov.ca.water.quickresults.ui.EpptPanel.renderSwixml(EpptPanel.java:93)
	at gov.ca.water.quickresults.ui.projectconfig.ProjectConfigurationPanel.<init>(ProjectConfigurationPanel.java:69)
	at gov.ca.water.quickresults.ui.projectconfig.ProjectConfigurationPanel.<clinit>(ProjectConfigurationPanel.java:58)
	at gov.ca.water.trendreporting.TrendReportPanel.init(TrendReportPanel.java:135)
	at com.sun.javafx.application.PlatformImpl.lambda$null$177(PlatformImpl.java:295)
	at java.security.AccessController.doPrivileged(Native Method)
	at com.sun.javafx.application.PlatformImpl.lambda$runLater$178(PlatformImpl.java:294)
	at com.sun.glass.ui.InvokeLaterDispatcher$Future.run(InvokeLaterDispatcher.java:95)
	at com.sun.glass.ui.win.WinApplication._runLoop(Native Method)
	at com.sun.glass.ui.win.WinApplication.lambda$null$152(WinApplication.java:177)
	at java.lang.Thread.run(Unknown Source)
2019-09-24 10:05:41,499 [JavaFX Application Thread] ERROR gov.ca.water.quickresults.ui.projectconfig.ProjectConfigurationPanel - Error setting up quick results swing xml: Project_Configuration.xml
java.io.IOException: Resource could not be found ui/Project_Configuration.xml
	at org.swixml.SwingEngine.render(Unknown Source)
	at gov.ca.water.quickresults.ui.EpptPanel.renderSwixml(EpptPanel.java:93)
	at gov.ca.water.quickresults.ui.projectconfig.ProjectConfigurationPanel.<init>(ProjectConfigurationPanel.java:69)
	at gov.ca.water.quickresults.ui.projectconfig.ProjectConfigurationPanel.<clinit>(ProjectConfigurationPanel.java:58)
	at gov.ca.water.trendreporting.TrendReportPanel.init(TrendReportPanel.java:135)
	at com.sun.javafx.application.PlatformImpl.lambda$null$177(PlatformImpl.java:295)
	at java.security.AccessController.doPrivileged(Native Method)
	at com.sun.javafx.application.PlatformImpl.lambda$runLater$178(PlatformImpl.java:294)
	at com.sun.glass.ui.InvokeLaterDispatcher$Future.run(InvokeLaterDispatcher.java:95)
	at com.sun.glass.ui.win.WinApplication._runLoop(Native Method)
	at com.sun.glass.ui.win.WinApplication.lambda$null$152(WinApplication.java:177)
	at java.lang.Thread.run(Unknown Source)
2019-09-24 10:06:10,624 [JavaFX Application Thread] ERROR gov.ca.water.quickresults.ui.projectconfig.ProjectConfigurationPanel - Error setting up quick results swing xml: Project_Configuration.xml
java.io.IOException: Resource could not be found ui/Project_Configuration.xml
	at org.swixml.SwingEngine.render(Unknown Source)
	at gov.ca.water.quickresults.ui.EpptPanel.renderSwixml(EpptPanel.java:93)
	at gov.ca.water.quickresults.ui.projectconfig.ProjectConfigurationPanel.<init>(ProjectConfigurationPanel.java:69)
	at gov.ca.water.quickresults.ui.projectconfig.ProjectConfigurationPanel.<clinit>(ProjectConfigurationPanel.java:58)
	at gov.ca.water.trendreporting.TrendReportPanel.init(TrendReportPanel.java:135)
	at com.sun.javafx.application.PlatformImpl.lambda$null$177(PlatformImpl.java:295)
	at java.security.AccessController.doPrivileged(Native Method)
	at com.sun.javafx.application.PlatformImpl.lambda$runLater$178(PlatformImpl.java:294)
	at com.sun.glass.ui.InvokeLaterDispatcher$Future.run(InvokeLaterDispatcher.java:95)
	at com.sun.glass.ui.win.WinApplication._runLoop(Native Method)
	at com.sun.glass.ui.win.WinApplication.lambda$null$152(WinApplication.java:177)
	at java.lang.Thread.run(Unknown Source)
2019-09-24 10:06:47,002 [JavaFX Application Thread] ERROR gov.ca.water.quickresults.ui.projectconfig.ProjectConfigurationPanel - Error setting up quick results swing xml: Project_Configuration.xml
java.io.IOException: Resource could not be found ui/Project_Configuration.xml
	at org.swixml.SwingEngine.render(Unknown Source)
	at gov.ca.water.quickresults.ui.EpptPanel.renderSwixml(EpptPanel.java:93)
	at gov.ca.water.quickresults.ui.projectconfig.ProjectConfigurationPanel.<init>(ProjectConfigurationPanel.java:69)
	at gov.ca.water.quickresults.ui.projectconfig.ProjectConfigurationPanel.<clinit>(ProjectConfigurationPanel.java:58)
	at gov.ca.water.trendreporting.TrendReportPanel.init(TrendReportPanel.java:135)
	at com.sun.javafx.application.PlatformImpl.lambda$null$177(PlatformImpl.java:295)
	at java.security.AccessController.doPrivileged(Native Method)
	at com.sun.javafx.application.PlatformImpl.lambda$runLater$178(PlatformImpl.java:294)
	at com.sun.glass.ui.InvokeLaterDispatcher$Future.run(InvokeLaterDispatcher.java:95)
	at com.sun.glass.ui.win.WinApplication._runLoop(Native Method)
	at com.sun.glass.ui.win.WinApplication.lambda$null$152(WinApplication.java:177)
	at java.lang.Thread.run(Unknown Source)
2019-09-24 10:10:44,204 [JavaFX Application Thread] ERROR gov.ca.water.quickresults.ui.projectconfig.ProjectConfigurationPanel - Error setting up quick results swing xml: Project_Configuration.xml
java.io.IOException: Resource could not be found ui/Project_Configuration.xml
	at org.swixml.SwingEngine.render(Unknown Source)
	at gov.ca.water.quickresults.ui.EpptPanel.renderSwixml(EpptPanel.java:93)
	at gov.ca.water.quickresults.ui.projectconfig.ProjectConfigurationPanel.<init>(ProjectConfigurationPanel.java:69)
	at gov.ca.water.quickresults.ui.projectconfig.ProjectConfigurationPanel.<clinit>(ProjectConfigurationPanel.java:58)
	at gov.ca.water.trendreporting.TrendReportPanel.init(TrendReportPanel.java:135)
	at com.sun.javafx.application.PlatformImpl.lambda$null$177(PlatformImpl.java:295)
	at java.security.AccessController.doPrivileged(Native Method)
	at com.sun.javafx.application.PlatformImpl.lambda$runLater$178(PlatformImpl.java:294)
	at com.sun.glass.ui.InvokeLaterDispatcher$Future.run(InvokeLaterDispatcher.java:95)
	at com.sun.glass.ui.win.WinApplication._runLoop(Native Method)
	at com.sun.glass.ui.win.WinApplication.lambda$null$152(WinApplication.java:177)
	at java.lang.Thread.run(Unknown Source)
2019-09-24 10:23:58,936 [JavaFX Application Thread] ERROR gov.ca.water.quickresults.ui.projectconfig.ProjectConfigurationPanel - Error setting up quick results swing xml: Project_Configuration.xml
java.io.IOException: Resource could not be found ui/Project_Configuration.xml
	at org.swixml.SwingEngine.render(Unknown Source)
	at gov.ca.water.quickresults.ui.EpptPanel.renderSwixml(EpptPanel.java:93)
	at gov.ca.water.quickresults.ui.projectconfig.ProjectConfigurationPanel.<init>(ProjectConfigurationPanel.java:69)
	at gov.ca.water.quickresults.ui.projectconfig.ProjectConfigurationPanel.<clinit>(ProjectConfigurationPanel.java:58)
	at gov.ca.water.trendreporting.TrendReportPanel.init(TrendReportPanel.java:135)
	at com.sun.javafx.application.PlatformImpl.lambda$null$177(PlatformImpl.java:295)
	at java.security.AccessController.doPrivileged(Native Method)
	at com.sun.javafx.application.PlatformImpl.lambda$runLater$178(PlatformImpl.java:294)
	at com.sun.glass.ui.InvokeLaterDispatcher$Future.run(InvokeLaterDispatcher.java:95)
	at com.sun.glass.ui.win.WinApplication._runLoop(Native Method)
	at com.sun.glass.ui.win.WinApplication.lambda$null$152(WinApplication.java:177)
	at java.lang.Thread.run(Unknown Source)
2019-09-24 10:30:41,058 [JavaFX Application Thread] ERROR gov.ca.water.quickresults.ui.projectconfig.ProjectConfigurationPanel - Error setting up quick results swing xml: Project_Configuration.xml
java.io.IOException: Resource could not be found ui/Project_Configuration.xml
	at org.swixml.SwingEngine.render(Unknown Source)
	at gov.ca.water.quickresults.ui.EpptPanel.renderSwixml(EpptPanel.java:93)
	at gov.ca.water.quickresults.ui.projectconfig.ProjectConfigurationPanel.<init>(ProjectConfigurationPanel.java:69)
	at gov.ca.water.quickresults.ui.projectconfig.ProjectConfigurationPanel.<clinit>(ProjectConfigurationPanel.java:58)
	at gov.ca.water.trendreporting.TrendReportPanel.init(TrendReportPanel.java:138)
	at com.sun.javafx.application.PlatformImpl.lambda$null$177(PlatformImpl.java:295)
	at java.security.AccessController.doPrivileged(Native Method)
	at com.sun.javafx.application.PlatformImpl.lambda$runLater$178(PlatformImpl.java:294)
	at com.sun.glass.ui.InvokeLaterDispatcher$Future.run(InvokeLaterDispatcher.java:95)
	at com.sun.glass.ui.win.WinApplication._runLoop(Native Method)
	at com.sun.glass.ui.win.WinApplication.lambda$null$152(WinApplication.java:177)
	at java.lang.Thread.run(Unknown Source)
2019-09-24 11:48:36,817 [JavaFX Application Thread] ERROR gov.ca.water.quickresults.ui.projectconfig.ProjectConfigurationPanel - Error setting up quick results swing xml: Project_Configuration.xml
java.io.IOException: Resource could not be found ui/Project_Configuration.xml
	at org.swixml.SwingEngine.render(Unknown Source)
	at gov.ca.water.quickresults.ui.EpptPanel.renderSwixml(EpptPanel.java:93)
	at gov.ca.water.quickresults.ui.projectconfig.ProjectConfigurationPanel.<init>(ProjectConfigurationPanel.java:69)
	at gov.ca.water.quickresults.ui.projectconfig.ProjectConfigurationPanel.<clinit>(ProjectConfigurationPanel.java:58)
	at gov.ca.water.trendreporting.TrendReportPanel.init(TrendReportPanel.java:138)
	at com.sun.javafx.application.PlatformImpl.lambda$null$177(PlatformImpl.java:295)
	at java.security.AccessController.doPrivileged(Native Method)
	at com.sun.javafx.application.PlatformImpl.lambda$runLater$178(PlatformImpl.java:294)
	at com.sun.glass.ui.InvokeLaterDispatcher$Future.run(InvokeLaterDispatcher.java:95)
	at com.sun.glass.ui.win.WinApplication._runLoop(Native Method)
	at com.sun.glass.ui.win.WinApplication.lambda$null$152(WinApplication.java:177)
	at java.lang.Thread.run(Unknown Source)
2019-09-24 11:54:48,245 [JavaFX Application Thread] ERROR gov.ca.water.quickresults.ui.projectconfig.ProjectConfigurationPanel - Error setting up quick results swing xml: Project_Configuration.xml
java.io.IOException: Resource could not be found ui/Project_Configuration.xml
	at org.swixml.SwingEngine.render(Unknown Source)
	at gov.ca.water.quickresults.ui.EpptPanel.renderSwixml(EpptPanel.java:93)
	at gov.ca.water.quickresults.ui.projectconfig.ProjectConfigurationPanel.<init>(ProjectConfigurationPanel.java:69)
	at gov.ca.water.quickresults.ui.projectconfig.ProjectConfigurationPanel.<clinit>(ProjectConfigurationPanel.java:58)
	at gov.ca.water.trendreporting.TrendReportPanel.init(TrendReportPanel.java:138)
	at com.sun.javafx.application.PlatformImpl.lambda$null$177(PlatformImpl.java:295)
	at java.security.AccessController.doPrivileged(Native Method)
	at com.sun.javafx.application.PlatformImpl.lambda$runLater$178(PlatformImpl.java:294)
	at com.sun.glass.ui.InvokeLaterDispatcher$Future.run(InvokeLaterDispatcher.java:95)
	at com.sun.glass.ui.win.WinApplication._runLoop(Native Method)
	at com.sun.glass.ui.win.WinApplication.lambda$null$152(WinApplication.java:177)
	at java.lang.Thread.run(Unknown Source)
2019-09-24 11:55:18,181 [JavaFX Application Thread] ERROR gov.ca.water.quickresults.ui.projectconfig.ProjectConfigurationPanel - Error setting up quick results swing xml: Project_Configuration.xml
java.io.IOException: Resource could not be found ui/Project_Configuration.xml
	at org.swixml.SwingEngine.render(Unknown Source)
	at gov.ca.water.quickresults.ui.EpptPanel.renderSwixml(EpptPanel.java:93)
	at gov.ca.water.quickresults.ui.projectconfig.ProjectConfigurationPanel.<init>(ProjectConfigurationPanel.java:69)
	at gov.ca.water.quickresults.ui.projectconfig.ProjectConfigurationPanel.<clinit>(ProjectConfigurationPanel.java:58)
	at gov.ca.water.trendreporting.TrendReportPanel.init(TrendReportPanel.java:138)
	at com.sun.javafx.application.PlatformImpl.lambda$null$177(PlatformImpl.java:295)
	at java.security.AccessController.doPrivileged(Native Method)
	at com.sun.javafx.application.PlatformImpl.lambda$runLater$178(PlatformImpl.java:294)
	at com.sun.glass.ui.InvokeLaterDispatcher$Future.run(InvokeLaterDispatcher.java:95)
	at com.sun.glass.ui.win.WinApplication._runLoop(Native Method)
	at com.sun.glass.ui.win.WinApplication.lambda$null$152(WinApplication.java:177)
	at java.lang.Thread.run(Unknown Source)
2019-09-24 11:55:37,810 [JavaFX Application Thread] ERROR gov.ca.water.quickresults.ui.projectconfig.ProjectConfigurationPanel - Error setting up quick results swing xml: Project_Configuration.xml
java.io.IOException: Resource could not be found ui/Project_Configuration.xml
	at org.swixml.SwingEngine.render(Unknown Source)
	at gov.ca.water.quickresults.ui.EpptPanel.renderSwixml(EpptPanel.java:93)
	at gov.ca.water.quickresults.ui.projectconfig.ProjectConfigurationPanel.<init>(ProjectConfigurationPanel.java:69)
	at gov.ca.water.quickresults.ui.projectconfig.ProjectConfigurationPanel.<clinit>(ProjectConfigurationPanel.java:58)
	at gov.ca.water.trendreporting.TrendReportPanel.init(TrendReportPanel.java:138)
	at com.sun.javafx.application.PlatformImpl.lambda$null$177(PlatformImpl.java:295)
	at java.security.AccessController.doPrivileged(Native Method)
	at com.sun.javafx.application.PlatformImpl.lambda$runLater$178(PlatformImpl.java:294)
	at com.sun.glass.ui.InvokeLaterDispatcher$Future.run(InvokeLaterDispatcher.java:95)
	at com.sun.glass.ui.win.WinApplication._runLoop(Native Method)
	at com.sun.glass.ui.win.WinApplication.lambda$null$152(WinApplication.java:177)
	at java.lang.Thread.run(Unknown Source)
2019-09-24 13:46:39,236 [JavaFX Application Thread] ERROR gov.ca.water.quickresults.ui.projectconfig.ProjectConfigurationPanel - Error setting up quick results swing xml: Project_Configuration.xml
java.io.IOException: Resource could not be found ui/Project_Configuration.xml
	at org.swixml.SwingEngine.render(Unknown Source)
	at gov.ca.water.quickresults.ui.EpptPanel.renderSwixml(EpptPanel.java:93)
	at gov.ca.water.quickresults.ui.projectconfig.ProjectConfigurationPanel.<init>(ProjectConfigurationPanel.java:69)
	at gov.ca.water.quickresults.ui.projectconfig.ProjectConfigurationPanel.<clinit>(ProjectConfigurationPanel.java:58)
	at gov.ca.water.trendreporting.TrendReportPanel.init(TrendReportPanel.java:131)
	at com.sun.javafx.application.PlatformImpl.lambda$null$177(PlatformImpl.java:295)
	at java.security.AccessController.doPrivileged(Native Method)
	at com.sun.javafx.application.PlatformImpl.lambda$runLater$178(PlatformImpl.java:294)
	at com.sun.glass.ui.InvokeLaterDispatcher$Future.run(InvokeLaterDispatcher.java:95)
	at com.sun.glass.ui.win.WinApplication._runLoop(Native Method)
	at com.sun.glass.ui.win.WinApplication.lambda$null$152(WinApplication.java:177)
	at java.lang.Thread.run(Unknown Source)
2019-09-24 13:47:33,456 [JavaFX Application Thread] ERROR gov.ca.water.quickresults.ui.projectconfig.ProjectConfigurationPanel - Error setting up quick results swing xml: Project_Configuration.xml
java.io.IOException: Resource could not be found ui/Project_Configuration.xml
	at org.swixml.SwingEngine.render(Unknown Source)
	at gov.ca.water.quickresults.ui.EpptPanel.renderSwixml(EpptPanel.java:93)
	at gov.ca.water.quickresults.ui.projectconfig.ProjectConfigurationPanel.<init>(ProjectConfigurationPanel.java:69)
	at gov.ca.water.quickresults.ui.projectconfig.ProjectConfigurationPanel.<clinit>(ProjectConfigurationPanel.java:58)
	at gov.ca.water.trendreporting.TrendReportPanel.init(TrendReportPanel.java:131)
	at com.sun.javafx.application.PlatformImpl.lambda$null$177(PlatformImpl.java:295)
	at java.security.AccessController.doPrivileged(Native Method)
	at com.sun.javafx.application.PlatformImpl.lambda$runLater$178(PlatformImpl.java:294)
	at com.sun.glass.ui.InvokeLaterDispatcher$Future.run(InvokeLaterDispatcher.java:95)
	at com.sun.glass.ui.win.WinApplication._runLoop(Native Method)
	at com.sun.glass.ui.win.WinApplication.lambda$null$152(WinApplication.java:177)
	at java.lang.Thread.run(Unknown Source)
2019-09-24 13:53:39,431 [JavaFX Application Thread] ERROR gov.ca.water.quickresults.ui.projectconfig.ProjectConfigurationPanel - Error setting up quick results swing xml: Project_Configuration.xml
java.io.IOException: Resource could not be found ui/Project_Configuration.xml
	at org.swixml.SwingEngine.render(Unknown Source)
	at gov.ca.water.quickresults.ui.EpptPanel.renderSwixml(EpptPanel.java:93)
	at gov.ca.water.quickresults.ui.projectconfig.ProjectConfigurationPanel.<init>(ProjectConfigurationPanel.java:69)
	at gov.ca.water.quickresults.ui.projectconfig.ProjectConfigurationPanel.<clinit>(ProjectConfigurationPanel.java:58)
	at gov.ca.water.trendreporting.TrendReportPanel.init(TrendReportPanel.java:131)
	at com.sun.javafx.application.PlatformImpl.lambda$null$177(PlatformImpl.java:295)
	at java.security.AccessController.doPrivileged(Native Method)
	at com.sun.javafx.application.PlatformImpl.lambda$runLater$178(PlatformImpl.java:294)
	at com.sun.glass.ui.InvokeLaterDispatcher$Future.run(InvokeLaterDispatcher.java:95)
	at com.sun.glass.ui.win.WinApplication._runLoop(Native Method)
	at com.sun.glass.ui.win.WinApplication.lambda$null$152(WinApplication.java:177)
	at java.lang.Thread.run(Unknown Source)
2019-09-24 13:54:15,825 [JavaFX Application Thread] ERROR gov.ca.water.quickresults.ui.projectconfig.ProjectConfigurationPanel - Error setting up quick results swing xml: Project_Configuration.xml
java.io.IOException: Resource could not be found ui/Project_Configuration.xml
	at org.swixml.SwingEngine.render(Unknown Source)
	at gov.ca.water.quickresults.ui.EpptPanel.renderSwixml(EpptPanel.java:93)
	at gov.ca.water.quickresults.ui.projectconfig.ProjectConfigurationPanel.<init>(ProjectConfigurationPanel.java:69)
	at gov.ca.water.quickresults.ui.projectconfig.ProjectConfigurationPanel.<clinit>(ProjectConfigurationPanel.java:58)
	at gov.ca.water.trendreporting.TrendReportPanel.init(TrendReportPanel.java:131)
	at com.sun.javafx.application.PlatformImpl.lambda$null$177(PlatformImpl.java:295)
	at java.security.AccessController.doPrivileged(Native Method)
	at com.sun.javafx.application.PlatformImpl.lambda$runLater$178(PlatformImpl.java:294)
	at com.sun.glass.ui.InvokeLaterDispatcher$Future.run(InvokeLaterDispatcher.java:95)
	at com.sun.glass.ui.win.WinApplication._runLoop(Native Method)
	at com.sun.glass.ui.win.WinApplication.lambda$null$152(WinApplication.java:177)
	at java.lang.Thread.run(Unknown Source)
2019-09-24 13:55:18,096 [JavaFX Application Thread] ERROR gov.ca.water.quickresults.ui.projectconfig.ProjectConfigurationPanel - Error setting up quick results swing xml: Project_Configuration.xml
java.io.IOException: Resource could not be found ui/Project_Configuration.xml
	at org.swixml.SwingEngine.render(Unknown Source)
	at gov.ca.water.quickresults.ui.EpptPanel.renderSwixml(EpptPanel.java:93)
	at gov.ca.water.quickresults.ui.projectconfig.ProjectConfigurationPanel.<init>(ProjectConfigurationPanel.java:69)
	at gov.ca.water.quickresults.ui.projectconfig.ProjectConfigurationPanel.<clinit>(ProjectConfigurationPanel.java:58)
	at gov.ca.water.trendreporting.TrendReportPanel.init(TrendReportPanel.java:131)
	at com.sun.javafx.application.PlatformImpl.lambda$null$177(PlatformImpl.java:295)
	at java.security.AccessController.doPrivileged(Native Method)
	at com.sun.javafx.application.PlatformImpl.lambda$runLater$178(PlatformImpl.java:294)
	at com.sun.glass.ui.InvokeLaterDispatcher$Future.run(InvokeLaterDispatcher.java:95)
	at com.sun.glass.ui.win.WinApplication._runLoop(Native Method)
	at com.sun.glass.ui.win.WinApplication.lambda$null$152(WinApplication.java:177)
	at java.lang.Thread.run(Unknown Source)
2019-09-24 13:56:43,974 [JavaFX Application Thread] ERROR gov.ca.water.quickresults.ui.projectconfig.ProjectConfigurationPanel - Error setting up quick results swing xml: Project_Configuration.xml
java.io.IOException: Resource could not be found ui/Project_Configuration.xml
	at org.swixml.SwingEngine.render(Unknown Source)
	at gov.ca.water.quickresults.ui.EpptPanel.renderSwixml(EpptPanel.java:93)
	at gov.ca.water.quickresults.ui.projectconfig.ProjectConfigurationPanel.<init>(ProjectConfigurationPanel.java:69)
	at gov.ca.water.quickresults.ui.projectconfig.ProjectConfigurationPanel.<clinit>(ProjectConfigurationPanel.java:58)
	at gov.ca.water.trendreporting.TrendReportPanel.init(TrendReportPanel.java:131)
	at com.sun.javafx.application.PlatformImpl.lambda$null$177(PlatformImpl.java:295)
	at java.security.AccessController.doPrivileged(Native Method)
	at com.sun.javafx.application.PlatformImpl.lambda$runLater$178(PlatformImpl.java:294)
	at com.sun.glass.ui.InvokeLaterDispatcher$Future.run(InvokeLaterDispatcher.java:95)
	at com.sun.glass.ui.win.WinApplication._runLoop(Native Method)
	at com.sun.glass.ui.win.WinApplication.lambda$null$152(WinApplication.java:177)
	at java.lang.Thread.run(Unknown Source)
2019-09-24 13:58:16,507 [JavaFX Application Thread] ERROR gov.ca.water.quickresults.ui.projectconfig.ProjectConfigurationPanel - Error setting up quick results swing xml: Project_Configuration.xml
java.io.IOException: Resource could not be found ui/Project_Configuration.xml
	at org.swixml.SwingEngine.render(Unknown Source)
	at gov.ca.water.quickresults.ui.EpptPanel.renderSwixml(EpptPanel.java:93)
	at gov.ca.water.quickresults.ui.projectconfig.ProjectConfigurationPanel.<init>(ProjectConfigurationPanel.java:69)
	at gov.ca.water.quickresults.ui.projectconfig.ProjectConfigurationPanel.<clinit>(ProjectConfigurationPanel.java:58)
	at gov.ca.water.trendreporting.TrendReportPanel.init(TrendReportPanel.java:131)
	at com.sun.javafx.application.PlatformImpl.lambda$null$177(PlatformImpl.java:295)
	at java.security.AccessController.doPrivileged(Native Method)
	at com.sun.javafx.application.PlatformImpl.lambda$runLater$178(PlatformImpl.java:294)
	at com.sun.glass.ui.InvokeLaterDispatcher$Future.run(InvokeLaterDispatcher.java:95)
	at com.sun.glass.ui.win.WinApplication._runLoop(Native Method)
	at com.sun.glass.ui.win.WinApplication.lambda$null$152(WinApplication.java:177)
	at java.lang.Thread.run(Unknown Source)
2019-09-24 14:00:57,389 [JavaFX Application Thread] ERROR gov.ca.water.quickresults.ui.projectconfig.ProjectConfigurationPanel - Error setting up quick results swing xml: Project_Configuration.xml
java.io.IOException: Resource could not be found ui/Project_Configuration.xml
	at org.swixml.SwingEngine.render(Unknown Source)
	at gov.ca.water.quickresults.ui.EpptPanel.renderSwixml(EpptPanel.java:93)
	at gov.ca.water.quickresults.ui.projectconfig.ProjectConfigurationPanel.<init>(ProjectConfigurationPanel.java:69)
	at gov.ca.water.quickresults.ui.projectconfig.ProjectConfigurationPanel.<clinit>(ProjectConfigurationPanel.java:58)
	at gov.ca.water.trendreporting.TrendReportPanel.init(TrendReportPanel.java:136)
	at com.sun.javafx.application.PlatformImpl.lambda$null$177(PlatformImpl.java:295)
	at java.security.AccessController.doPrivileged(Native Method)
	at com.sun.javafx.application.PlatformImpl.lambda$runLater$178(PlatformImpl.java:294)
	at com.sun.glass.ui.InvokeLaterDispatcher$Future.run(InvokeLaterDispatcher.java:95)
	at com.sun.glass.ui.win.WinApplication._runLoop(Native Method)
	at com.sun.glass.ui.win.WinApplication.lambda$null$152(WinApplication.java:177)
	at java.lang.Thread.run(Unknown Source)
2019-09-24 14:02:32,863 [JavaFX Application Thread] ERROR gov.ca.water.quickresults.ui.projectconfig.ProjectConfigurationPanel - Error setting up quick results swing xml: Project_Configuration.xml
java.io.IOException: Resource could not be found ui/Project_Configuration.xml
	at org.swixml.SwingEngine.render(Unknown Source)
	at gov.ca.water.quickresults.ui.EpptPanel.renderSwixml(EpptPanel.java:93)
	at gov.ca.water.quickresults.ui.projectconfig.ProjectConfigurationPanel.<init>(ProjectConfigurationPanel.java:69)
	at gov.ca.water.quickresults.ui.projectconfig.ProjectConfigurationPanel.<clinit>(ProjectConfigurationPanel.java:58)
	at gov.ca.water.trendreporting.TrendReportPanel.init(TrendReportPanel.java:142)
	at com.sun.javafx.application.PlatformImpl.lambda$null$177(PlatformImpl.java:295)
	at java.security.AccessController.doPrivileged(Native Method)
	at com.sun.javafx.application.PlatformImpl.lambda$runLater$178(PlatformImpl.java:294)
	at com.sun.glass.ui.InvokeLaterDispatcher$Future.run(InvokeLaterDispatcher.java:95)
	at com.sun.glass.ui.win.WinApplication._runLoop(Native Method)
	at com.sun.glass.ui.win.WinApplication.lambda$null$152(WinApplication.java:177)
	at java.lang.Thread.run(Unknown Source)
2019-09-24 14:04:21,076 [JavaFX Application Thread] ERROR gov.ca.water.quickresults.ui.projectconfig.ProjectConfigurationPanel - Error setting up quick results swing xml: Project_Configuration.xml
java.io.IOException: Resource could not be found ui/Project_Configuration.xml
	at org.swixml.SwingEngine.render(Unknown Source)
	at gov.ca.water.quickresults.ui.EpptPanel.renderSwixml(EpptPanel.java:93)
	at gov.ca.water.quickresults.ui.projectconfig.ProjectConfigurationPanel.<init>(ProjectConfigurationPanel.java:69)
	at gov.ca.water.quickresults.ui.projectconfig.ProjectConfigurationPanel.<clinit>(ProjectConfigurationPanel.java:58)
	at gov.ca.water.trendreporting.TrendReportPanel.init(TrendReportPanel.java:136)
	at com.sun.javafx.application.PlatformImpl.lambda$null$177(PlatformImpl.java:295)
	at java.security.AccessController.doPrivileged(Native Method)
	at com.sun.javafx.application.PlatformImpl.lambda$runLater$178(PlatformImpl.java:294)
	at com.sun.glass.ui.InvokeLaterDispatcher$Future.run(InvokeLaterDispatcher.java:95)
	at com.sun.glass.ui.win.WinApplication._runLoop(Native Method)
	at com.sun.glass.ui.win.WinApplication.lambda$null$152(WinApplication.java:177)
	at java.lang.Thread.run(Unknown Source)
2019-09-24 14:04:41,053 [JavaFX Application Thread] ERROR gov.ca.water.quickresults.ui.projectconfig.ProjectConfigurationPanel - Error setting up quick results swing xml: Project_Configuration.xml
java.io.IOException: Resource could not be found ui/Project_Configuration.xml
	at org.swixml.SwingEngine.render(Unknown Source)
	at gov.ca.water.quickresults.ui.EpptPanel.renderSwixml(EpptPanel.java:93)
	at gov.ca.water.quickresults.ui.projectconfig.ProjectConfigurationPanel.<init>(ProjectConfigurationPanel.java:69)
	at gov.ca.water.quickresults.ui.projectconfig.ProjectConfigurationPanel.<clinit>(ProjectConfigurationPanel.java:58)
	at gov.ca.water.trendreporting.TrendReportPanel.init(TrendReportPanel.java:136)
	at com.sun.javafx.application.PlatformImpl.lambda$null$177(PlatformImpl.java:295)
	at java.security.AccessController.doPrivileged(Native Method)
	at com.sun.javafx.application.PlatformImpl.lambda$runLater$178(PlatformImpl.java:294)
	at com.sun.glass.ui.InvokeLaterDispatcher$Future.run(InvokeLaterDispatcher.java:95)
	at com.sun.glass.ui.win.WinApplication._runLoop(Native Method)
	at com.sun.glass.ui.win.WinApplication.lambda$null$152(WinApplication.java:177)
	at java.lang.Thread.run(Unknown Source)
2019-09-24 14:27:44,520 [JavaFX Application Thread] ERROR gov.ca.water.quickresults.ui.projectconfig.ProjectConfigurationPanel - Error setting up quick results swing xml: Project_Configuration.xml
java.io.IOException: Resource could not be found ui/Project_Configuration.xml
	at org.swixml.SwingEngine.render(Unknown Source)
	at gov.ca.water.quickresults.ui.EpptPanel.renderSwixml(EpptPanel.java:93)
	at gov.ca.water.quickresults.ui.projectconfig.ProjectConfigurationPanel.<init>(ProjectConfigurationPanel.java:69)
	at gov.ca.water.quickresults.ui.projectconfig.ProjectConfigurationPanel.<clinit>(ProjectConfigurationPanel.java:58)
	at gov.ca.water.trendreporting.TrendReportPanel.init(TrendReportPanel.java:136)
	at com.sun.javafx.application.PlatformImpl.lambda$null$177(PlatformImpl.java:295)
	at java.security.AccessController.doPrivileged(Native Method)
	at com.sun.javafx.application.PlatformImpl.lambda$runLater$178(PlatformImpl.java:294)
	at com.sun.glass.ui.InvokeLaterDispatcher$Future.run(InvokeLaterDispatcher.java:95)
	at com.sun.glass.ui.win.WinApplication._runLoop(Native Method)
	at com.sun.glass.ui.win.WinApplication.lambda$null$152(WinApplication.java:177)
	at java.lang.Thread.run(Unknown Source)
2019-09-24 14:35:42,440 [JavaFX Application Thread] ERROR gov.ca.water.quickresults.ui.projectconfig.ProjectConfigurationPanel - Error setting up quick results swing xml: Project_Configuration.xml
java.io.IOException: Resource could not be found ui/Project_Configuration.xml
	at org.swixml.SwingEngine.render(Unknown Source)
	at gov.ca.water.quickresults.ui.EpptPanel.renderSwixml(EpptPanel.java:93)
	at gov.ca.water.quickresults.ui.projectconfig.ProjectConfigurationPanel.<init>(ProjectConfigurationPanel.java:69)
	at gov.ca.water.quickresults.ui.projectconfig.ProjectConfigurationPanel.<clinit>(ProjectConfigurationPanel.java:58)
	at gov.ca.water.trendreporting.TrendReportPanel.init(TrendReportPanel.java:136)
	at com.sun.javafx.application.PlatformImpl.lambda$null$177(PlatformImpl.java:295)
	at java.security.AccessController.doPrivileged(Native Method)
	at com.sun.javafx.application.PlatformImpl.lambda$runLater$178(PlatformImpl.java:294)
	at com.sun.glass.ui.InvokeLaterDispatcher$Future.run(InvokeLaterDispatcher.java:95)
	at com.sun.glass.ui.win.WinApplication._runLoop(Native Method)
	at com.sun.glass.ui.win.WinApplication.lambda$null$152(WinApplication.java:177)
	at java.lang.Thread.run(Unknown Source)
2019-09-24 14:36:03,949 [JavaFX Application Thread] ERROR gov.ca.water.quickresults.ui.projectconfig.ProjectConfigurationPanel - Error setting up quick results swing xml: Project_Configuration.xml
java.io.IOException: Resource could not be found ui/Project_Configuration.xml
	at org.swixml.SwingEngine.render(Unknown Source)
	at gov.ca.water.quickresults.ui.EpptPanel.renderSwixml(EpptPanel.java:93)
	at gov.ca.water.quickresults.ui.projectconfig.ProjectConfigurationPanel.<init>(ProjectConfigurationPanel.java:69)
	at gov.ca.water.quickresults.ui.projectconfig.ProjectConfigurationPanel.<clinit>(ProjectConfigurationPanel.java:58)
	at gov.ca.water.trendreporting.TrendReportPanel.init(TrendReportPanel.java:136)
	at com.sun.javafx.application.PlatformImpl.lambda$null$177(PlatformImpl.java:295)
	at java.security.AccessController.doPrivileged(Native Method)
	at com.sun.javafx.application.PlatformImpl.lambda$runLater$178(PlatformImpl.java:294)
	at com.sun.glass.ui.InvokeLaterDispatcher$Future.run(InvokeLaterDispatcher.java:95)
	at com.sun.glass.ui.win.WinApplication._runLoop(Native Method)
	at com.sun.glass.ui.win.WinApplication.lambda$null$152(WinApplication.java:177)
	at java.lang.Thread.run(Unknown Source)
2019-09-24 14:36:15,506 [JavaFX Application Thread] ERROR gov.ca.water.quickresults.ui.projectconfig.ProjectConfigurationPanel - Error setting up quick results swing xml: Project_Configuration.xml
java.io.IOException: Resource could not be found ui/Project_Configuration.xml
	at org.swixml.SwingEngine.render(Unknown Source)
	at gov.ca.water.quickresults.ui.EpptPanel.renderSwixml(EpptPanel.java:93)
	at gov.ca.water.quickresults.ui.projectconfig.ProjectConfigurationPanel.<init>(ProjectConfigurationPanel.java:69)
	at gov.ca.water.quickresults.ui.projectconfig.ProjectConfigurationPanel.<clinit>(ProjectConfigurationPanel.java:58)
	at gov.ca.water.trendreporting.TrendReportPanel.init(TrendReportPanel.java:136)
	at com.sun.javafx.application.PlatformImpl.lambda$null$177(PlatformImpl.java:295)
	at java.security.AccessController.doPrivileged(Native Method)
	at com.sun.javafx.application.PlatformImpl.lambda$runLater$178(PlatformImpl.java:294)
	at com.sun.glass.ui.InvokeLaterDispatcher$Future.run(InvokeLaterDispatcher.java:95)
	at com.sun.glass.ui.win.WinApplication._runLoop(Native Method)
	at com.sun.glass.ui.win.WinApplication.lambda$null$152(WinApplication.java:177)
	at java.lang.Thread.run(Unknown Source)
2019-09-24 14:36:32,503 [JavaFX Application Thread] ERROR gov.ca.water.quickresults.ui.projectconfig.ProjectConfigurationPanel - Error setting up quick results swing xml: Project_Configuration.xml
java.io.IOException: Resource could not be found ui/Project_Configuration.xml
	at org.swixml.SwingEngine.render(Unknown Source)
	at gov.ca.water.quickresults.ui.EpptPanel.renderSwixml(EpptPanel.java:93)
	at gov.ca.water.quickresults.ui.projectconfig.ProjectConfigurationPanel.<init>(ProjectConfigurationPanel.java:69)
	at gov.ca.water.quickresults.ui.projectconfig.ProjectConfigurationPanel.<clinit>(ProjectConfigurationPanel.java:58)
	at gov.ca.water.trendreporting.TrendReportPanel.init(TrendReportPanel.java:136)
	at com.sun.javafx.application.PlatformImpl.lambda$null$177(PlatformImpl.java:295)
	at java.security.AccessController.doPrivileged(Native Method)
	at com.sun.javafx.application.PlatformImpl.lambda$runLater$178(PlatformImpl.java:294)
	at com.sun.glass.ui.InvokeLaterDispatcher$Future.run(InvokeLaterDispatcher.java:95)
	at com.sun.glass.ui.win.WinApplication._runLoop(Native Method)
	at com.sun.glass.ui.win.WinApplication.lambda$null$152(WinApplication.java:177)
	at java.lang.Thread.run(Unknown Source)
2019-09-24 14:37:20,628 [JavaFX Application Thread] ERROR gov.ca.water.quickresults.ui.projectconfig.ProjectConfigurationPanel - Error setting up quick results swing xml: Project_Configuration.xml
java.io.IOException: Resource could not be found ui/Project_Configuration.xml
	at org.swixml.SwingEngine.render(Unknown Source)
	at gov.ca.water.quickresults.ui.EpptPanel.renderSwixml(EpptPanel.java:93)
	at gov.ca.water.quickresults.ui.projectconfig.ProjectConfigurationPanel.<init>(ProjectConfigurationPanel.java:69)
	at gov.ca.water.quickresults.ui.projectconfig.ProjectConfigurationPanel.<clinit>(ProjectConfigurationPanel.java:58)
	at gov.ca.water.trendreporting.TrendReportPanel.init(TrendReportPanel.java:136)
	at com.sun.javafx.application.PlatformImpl.lambda$null$177(PlatformImpl.java:295)
	at java.security.AccessController.doPrivileged(Native Method)
	at com.sun.javafx.application.PlatformImpl.lambda$runLater$178(PlatformImpl.java:294)
	at com.sun.glass.ui.InvokeLaterDispatcher$Future.run(InvokeLaterDispatcher.java:95)
	at com.sun.glass.ui.win.WinApplication._runLoop(Native Method)
	at com.sun.glass.ui.win.WinApplication.lambda$null$152(WinApplication.java:177)
	at java.lang.Thread.run(Unknown Source)
2019-09-24 14:44:11,945 [JavaFX Application Thread] ERROR gov.ca.water.quickresults.ui.projectconfig.ProjectConfigurationPanel - Error setting up quick results swing xml: Project_Configuration.xml
java.io.IOException: Resource could not be found ui/Project_Configuration.xml
	at org.swixml.SwingEngine.render(Unknown Source)
	at gov.ca.water.quickresults.ui.EpptPanel.renderSwixml(EpptPanel.java:93)
	at gov.ca.water.quickresults.ui.projectconfig.ProjectConfigurationPanel.<init>(ProjectConfigurationPanel.java:69)
	at gov.ca.water.quickresults.ui.projectconfig.ProjectConfigurationPanel.<clinit>(ProjectConfigurationPanel.java:58)
	at gov.ca.water.trendreporting.TrendReportPanel.init(TrendReportPanel.java:136)
	at com.sun.javafx.application.PlatformImpl.lambda$null$177(PlatformImpl.java:295)
	at java.security.AccessController.doPrivileged(Native Method)
	at com.sun.javafx.application.PlatformImpl.lambda$runLater$178(PlatformImpl.java:294)
	at com.sun.glass.ui.InvokeLaterDispatcher$Future.run(InvokeLaterDispatcher.java:95)
	at com.sun.glass.ui.win.WinApplication._runLoop(Native Method)
	at com.sun.glass.ui.win.WinApplication.lambda$null$152(WinApplication.java:177)
	at java.lang.Thread.run(Unknown Source)
2019-09-24 14:46:41,429 [JavaFX Application Thread] ERROR gov.ca.water.quickresults.ui.projectconfig.ProjectConfigurationPanel - Error setting up quick results swing xml: Project_Configuration.xml
java.io.IOException: Resource could not be found ui/Project_Configuration.xml
	at org.swixml.SwingEngine.render(Unknown Source)
	at gov.ca.water.quickresults.ui.EpptPanel.renderSwixml(EpptPanel.java:93)
	at gov.ca.water.quickresults.ui.projectconfig.ProjectConfigurationPanel.<init>(ProjectConfigurationPanel.java:69)
	at gov.ca.water.quickresults.ui.projectconfig.ProjectConfigurationPanel.<clinit>(ProjectConfigurationPanel.java:58)
	at gov.ca.water.trendreporting.TrendReportPanel.init(TrendReportPanel.java:136)
	at com.sun.javafx.application.PlatformImpl.lambda$null$177(PlatformImpl.java:295)
	at java.security.AccessController.doPrivileged(Native Method)
	at com.sun.javafx.application.PlatformImpl.lambda$runLater$178(PlatformImpl.java:294)
	at com.sun.glass.ui.InvokeLaterDispatcher$Future.run(InvokeLaterDispatcher.java:95)
	at com.sun.glass.ui.win.WinApplication._runLoop(Native Method)
	at com.sun.glass.ui.win.WinApplication.lambda$null$152(WinApplication.java:177)
	at java.lang.Thread.run(Unknown Source)
2019-09-24 14:52:14,917 [JavaFX Application Thread] ERROR gov.ca.water.quickresults.ui.projectconfig.ProjectConfigurationPanel - Error setting up quick results swing xml: Project_Configuration.xml
java.io.IOException: Resource could not be found ui/Project_Configuration.xml
	at org.swixml.SwingEngine.render(Unknown Source)
	at gov.ca.water.quickresults.ui.EpptPanel.renderSwixml(EpptPanel.java:93)
	at gov.ca.water.quickresults.ui.projectconfig.ProjectConfigurationPanel.<init>(ProjectConfigurationPanel.java:69)
	at gov.ca.water.quickresults.ui.projectconfig.ProjectConfigurationPanel.<clinit>(ProjectConfigurationPanel.java:58)
	at gov.ca.water.trendreporting.TrendReportPanel.init(TrendReportPanel.java:136)
	at com.sun.javafx.application.PlatformImpl.lambda$null$177(PlatformImpl.java:295)
	at java.security.AccessController.doPrivileged(Native Method)
	at com.sun.javafx.application.PlatformImpl.lambda$runLater$178(PlatformImpl.java:294)
	at com.sun.glass.ui.InvokeLaterDispatcher$Future.run(InvokeLaterDispatcher.java:95)
	at com.sun.glass.ui.win.WinApplication._runLoop(Native Method)
	at com.sun.glass.ui.win.WinApplication.lambda$null$152(WinApplication.java:177)
	at java.lang.Thread.run(Unknown Source)
2019-09-24 14:56:31,912 [JavaFX Application Thread] ERROR gov.ca.water.quickresults.ui.projectconfig.ProjectConfigurationPanel - Error setting up quick results swing xml: Project_Configuration.xml
java.io.IOException: Resource could not be found ui/Project_Configuration.xml
	at org.swixml.SwingEngine.render(Unknown Source)
	at gov.ca.water.quickresults.ui.EpptPanel.renderSwixml(EpptPanel.java:93)
	at gov.ca.water.quickresults.ui.projectconfig.ProjectConfigurationPanel.<init>(ProjectConfigurationPanel.java:69)
	at gov.ca.water.quickresults.ui.projectconfig.ProjectConfigurationPanel.<clinit>(ProjectConfigurationPanel.java:58)
	at gov.ca.water.trendreporting.TrendReportPanel.init(TrendReportPanel.java:136)
	at com.sun.javafx.application.PlatformImpl.lambda$null$177(PlatformImpl.java:295)
	at java.security.AccessController.doPrivileged(Native Method)
	at com.sun.javafx.application.PlatformImpl.lambda$runLater$178(PlatformImpl.java:294)
	at com.sun.glass.ui.InvokeLaterDispatcher$Future.run(InvokeLaterDispatcher.java:95)
	at com.sun.glass.ui.win.WinApplication._runLoop(Native Method)
	at com.sun.glass.ui.win.WinApplication.lambda$null$152(WinApplication.java:177)
	at java.lang.Thread.run(Unknown Source)
2019-09-24 14:58:24,408 [JavaFX Application Thread] ERROR gov.ca.water.quickresults.ui.projectconfig.ProjectConfigurationPanel - Error setting up quick results swing xml: Project_Configuration.xml
java.io.IOException: Resource could not be found ui/Project_Configuration.xml
	at org.swixml.SwingEngine.render(Unknown Source)
	at gov.ca.water.quickresults.ui.EpptPanel.renderSwixml(EpptPanel.java:93)
	at gov.ca.water.quickresults.ui.projectconfig.ProjectConfigurationPanel.<init>(ProjectConfigurationPanel.java:69)
	at gov.ca.water.quickresults.ui.projectconfig.ProjectConfigurationPanel.<clinit>(ProjectConfigurationPanel.java:58)
	at gov.ca.water.trendreporting.TrendReportPanel.init(TrendReportPanel.java:136)
	at com.sun.javafx.application.PlatformImpl.lambda$null$177(PlatformImpl.java:295)
	at java.security.AccessController.doPrivileged(Native Method)
	at com.sun.javafx.application.PlatformImpl.lambda$runLater$178(PlatformImpl.java:294)
	at com.sun.glass.ui.InvokeLaterDispatcher$Future.run(InvokeLaterDispatcher.java:95)
	at com.sun.glass.ui.win.WinApplication._runLoop(Native Method)
	at com.sun.glass.ui.win.WinApplication.lambda$null$152(WinApplication.java:177)
	at java.lang.Thread.run(Unknown Source)
2019-09-24 15:01:42,980 [JavaFX Application Thread] ERROR gov.ca.water.quickresults.ui.projectconfig.ProjectConfigurationPanel - Error setting up quick results swing xml: Project_Configuration.xml
java.io.IOException: Resource could not be found ui/Project_Configuration.xml
	at org.swixml.SwingEngine.render(Unknown Source)
	at gov.ca.water.quickresults.ui.EpptPanel.renderSwixml(EpptPanel.java:93)
	at gov.ca.water.quickresults.ui.projectconfig.ProjectConfigurationPanel.<init>(ProjectConfigurationPanel.java:69)
	at gov.ca.water.quickresults.ui.projectconfig.ProjectConfigurationPanel.<clinit>(ProjectConfigurationPanel.java:58)
	at gov.ca.water.trendreporting.TrendReportPanel.init(TrendReportPanel.java:136)
	at com.sun.javafx.application.PlatformImpl.lambda$null$177(PlatformImpl.java:295)
	at java.security.AccessController.doPrivileged(Native Method)
	at com.sun.javafx.application.PlatformImpl.lambda$runLater$178(PlatformImpl.java:294)
	at com.sun.glass.ui.InvokeLaterDispatcher$Future.run(InvokeLaterDispatcher.java:95)
	at com.sun.glass.ui.win.WinApplication._runLoop(Native Method)
	at com.sun.glass.ui.win.WinApplication.lambda$null$152(WinApplication.java:177)
	at java.lang.Thread.run(Unknown Source)
2019-09-24 15:33:30,053 [JavaFX Application Thread] ERROR gov.ca.water.quickresults.ui.projectconfig.ProjectConfigurationPanel - Error setting up quick results swing xml: Project_Configuration.xml
java.io.IOException: Resource could not be found ui/Project_Configuration.xml
	at org.swixml.SwingEngine.render(Unknown Source)
	at gov.ca.water.quickresults.ui.EpptPanel.renderSwixml(EpptPanel.java:93)
	at gov.ca.water.quickresults.ui.projectconfig.ProjectConfigurationPanel.<init>(ProjectConfigurationPanel.java:69)
	at gov.ca.water.quickresults.ui.projectconfig.ProjectConfigurationPanel.<clinit>(ProjectConfigurationPanel.java:58)
	at gov.ca.water.trendreporting.TrendReportPanel.init(TrendReportPanel.java:136)
	at com.sun.javafx.application.PlatformImpl.lambda$null$177(PlatformImpl.java:295)
	at java.security.AccessController.doPrivileged(Native Method)
	at com.sun.javafx.application.PlatformImpl.lambda$runLater$178(PlatformImpl.java:294)
	at com.sun.glass.ui.InvokeLaterDispatcher$Future.run(InvokeLaterDispatcher.java:95)
	at com.sun.glass.ui.win.WinApplication._runLoop(Native Method)
	at com.sun.glass.ui.win.WinApplication.lambda$null$152(WinApplication.java:177)
	at java.lang.Thread.run(Unknown Source)
2019-09-24 15:35:38,190 [JavaFX Application Thread] ERROR gov.ca.water.quickresults.ui.projectconfig.ProjectConfigurationPanel - Error setting up quick results swing xml: Project_Configuration.xml
java.io.IOException: Resource could not be found ui/Project_Configuration.xml
	at org.swixml.SwingEngine.render(Unknown Source)
	at gov.ca.water.quickresults.ui.EpptPanel.renderSwixml(EpptPanel.java:93)
	at gov.ca.water.quickresults.ui.projectconfig.ProjectConfigurationPanel.<init>(ProjectConfigurationPanel.java:69)
	at gov.ca.water.quickresults.ui.projectconfig.ProjectConfigurationPanel.<clinit>(ProjectConfigurationPanel.java:58)
	at gov.ca.water.trendreporting.TrendReportPanel.init(TrendReportPanel.java:136)
	at com.sun.javafx.application.PlatformImpl.lambda$null$177(PlatformImpl.java:295)
	at java.security.AccessController.doPrivileged(Native Method)
	at com.sun.javafx.application.PlatformImpl.lambda$runLater$178(PlatformImpl.java:294)
	at com.sun.glass.ui.InvokeLaterDispatcher$Future.run(InvokeLaterDispatcher.java:95)
	at com.sun.glass.ui.win.WinApplication._runLoop(Native Method)
	at com.sun.glass.ui.win.WinApplication.lambda$null$152(WinApplication.java:177)
	at java.lang.Thread.run(Unknown Source)
2019-09-24 15:37:45,478 [JavaFX Application Thread] ERROR gov.ca.water.quickresults.ui.projectconfig.ProjectConfigurationPanel - Error setting up quick results swing xml: Project_Configuration.xml
java.io.IOException: Resource could not be found ui/Project_Configuration.xml
	at org.swixml.SwingEngine.render(Unknown Source)
	at gov.ca.water.quickresults.ui.EpptPanel.renderSwixml(EpptPanel.java:93)
	at gov.ca.water.quickresults.ui.projectconfig.ProjectConfigurationPanel.<init>(ProjectConfigurationPanel.java:69)
	at gov.ca.water.quickresults.ui.projectconfig.ProjectConfigurationPanel.<clinit>(ProjectConfigurationPanel.java:58)
	at gov.ca.water.trendreporting.TrendReportPanel.init(TrendReportPanel.java:136)
	at com.sun.javafx.application.PlatformImpl.lambda$null$177(PlatformImpl.java:295)
	at java.security.AccessController.doPrivileged(Native Method)
	at com.sun.javafx.application.PlatformImpl.lambda$runLater$178(PlatformImpl.java:294)
	at com.sun.glass.ui.InvokeLaterDispatcher$Future.run(InvokeLaterDispatcher.java:95)
	at com.sun.glass.ui.win.WinApplication._runLoop(Native Method)
	at com.sun.glass.ui.win.WinApplication.lambda$null$152(WinApplication.java:177)
	at java.lang.Thread.run(Unknown Source)
2019-09-30 09:15:12,084 [main] ERROR gov.ca.water.quickresults.ui.projectconfig.ProjectConfigurationPanel - Error setting up quick results swing xml: Project_Configuration.xml
java.io.IOException: Resource could not be found ui/Project_Configuration.xml
	at org.swixml.SwingEngine.render(Unknown Source)
	at gov.ca.water.quickresults.ui.EpptPanel.renderSwixml(EpptPanel.java:93)
	at gov.ca.water.quickresults.ui.projectconfig.ProjectConfigurationPanel.<init>(ProjectConfigurationPanel.java:67)
	at gov.ca.water.quickresults.ui.projectconfig.ProjectConfigurationPanel.<clinit>(ProjectConfigurationPanel.java:56)
	at gov.ca.water.trendreporting.TrendReportPanel.setScenarioRuns(TrendReportPanel.java:350)
	at gov.ca.water.trendreporting.TrendReportScaffold.initScaffold(TrendReportScaffold.java:75)
	at gov.ca.water.trendreporting.TrendReportScaffold.main(TrendReportScaffold.java:90)
2019-10-02 14:25:19,658 [main] ERROR gov.ca.water.quickresults.ui.projectconfig.ProjectConfigurationPanel - Error setting up quick results swing xml: Project_Configuration.xml
java.io.IOException: Resource could not be found ui/Project_Configuration.xml
	at org.swixml.SwingEngine.render(Unknown Source)
	at gov.ca.water.quickresults.ui.EpptPanel.renderSwixml(EpptPanel.java:93)
	at gov.ca.water.quickresults.ui.projectconfig.ProjectConfigurationPanel.<init>(ProjectConfigurationPanel.java:67)
	at gov.ca.water.quickresults.ui.projectconfig.ProjectConfigurationPanel.<clinit>(ProjectConfigurationPanel.java:56)
	at gov.ca.water.trendreporting.TrendReportPanel.setScenarioRuns(TrendReportPanel.java:350)
	at gov.ca.water.trendreporting.TrendReportScaffold.initScaffold(TrendReportScaffold.java:75)
	at gov.ca.water.trendreporting.TrendReportScaffold.main(TrendReportScaffold.java:90)
2019-10-02 14:26:39,644 [main] ERROR gov.ca.water.quickresults.ui.projectconfig.ProjectConfigurationPanel - Error setting up quick results swing xml: Project_Configuration.xml
java.io.IOException: Resource could not be found ui/Project_Configuration.xml
	at org.swixml.SwingEngine.render(Unknown Source)
	at gov.ca.water.quickresults.ui.EpptPanel.renderSwixml(EpptPanel.java:93)
	at gov.ca.water.quickresults.ui.projectconfig.ProjectConfigurationPanel.<init>(ProjectConfigurationPanel.java:67)
	at gov.ca.water.quickresults.ui.projectconfig.ProjectConfigurationPanel.<clinit>(ProjectConfigurationPanel.java:56)
	at gov.ca.water.trendreporting.TrendReportPanel.setScenarioRuns(TrendReportPanel.java:350)
	at gov.ca.water.trendreporting.TrendReportScaffold.initScaffold(TrendReportScaffold.java:75)
	at gov.ca.water.trendreporting.TrendReportScaffold.main(TrendReportScaffold.java:90)
2019-10-02 14:27:05,607 [main] ERROR gov.ca.water.quickresults.ui.projectconfig.ProjectConfigurationPanel - Error setting up quick results swing xml: Project_Configuration.xml
java.io.IOException: Resource could not be found ui/Project_Configuration.xml
	at org.swixml.SwingEngine.render(Unknown Source)
	at gov.ca.water.quickresults.ui.EpptPanel.renderSwixml(EpptPanel.java:93)
	at gov.ca.water.quickresults.ui.projectconfig.ProjectConfigurationPanel.<init>(ProjectConfigurationPanel.java:67)
	at gov.ca.water.quickresults.ui.projectconfig.ProjectConfigurationPanel.<clinit>(ProjectConfigurationPanel.java:56)
	at gov.ca.water.trendreporting.TrendReportPanel.setScenarioRuns(TrendReportPanel.java:350)
	at gov.ca.water.trendreporting.TrendReportScaffold.initScaffold(TrendReportScaffold.java:75)
	at gov.ca.water.trendreporting.TrendReportScaffold.main(TrendReportScaffold.java:90)
2019-10-02 14:27:49,966 [main] ERROR gov.ca.water.quickresults.ui.projectconfig.ProjectConfigurationPanel - Error setting up quick results swing xml: Project_Configuration.xml
java.io.IOException: Resource could not be found ui/Project_Configuration.xml
	at org.swixml.SwingEngine.render(Unknown Source)
	at gov.ca.water.quickresults.ui.EpptPanel.renderSwixml(EpptPanel.java:93)
	at gov.ca.water.quickresults.ui.projectconfig.ProjectConfigurationPanel.<init>(ProjectConfigurationPanel.java:67)
	at gov.ca.water.quickresults.ui.projectconfig.ProjectConfigurationPanel.<clinit>(ProjectConfigurationPanel.java:56)
	at gov.ca.water.trendreporting.TrendReportPanel.setScenarioRuns(TrendReportPanel.java:350)
	at gov.ca.water.trendreporting.TrendReportScaffold.initScaffold(TrendReportScaffold.java:75)
	at gov.ca.water.trendreporting.TrendReportScaffold.main(TrendReportScaffold.java:90)
2019-10-02 14:28:16,202 [main] ERROR gov.ca.water.quickresults.ui.projectconfig.ProjectConfigurationPanel - Error setting up quick results swing xml: Project_Configuration.xml
java.io.IOException: Resource could not be found ui/Project_Configuration.xml
	at org.swixml.SwingEngine.render(Unknown Source)
	at gov.ca.water.quickresults.ui.EpptPanel.renderSwixml(EpptPanel.java:93)
	at gov.ca.water.quickresults.ui.projectconfig.ProjectConfigurationPanel.<init>(ProjectConfigurationPanel.java:67)
	at gov.ca.water.quickresults.ui.projectconfig.ProjectConfigurationPanel.<clinit>(ProjectConfigurationPanel.java:56)
	at gov.ca.water.trendreporting.TrendReportPanel.setScenarioRuns(TrendReportPanel.java:350)
	at gov.ca.water.trendreporting.TrendReportScaffold.initScaffold(TrendReportScaffold.java:75)
	at gov.ca.water.trendreporting.TrendReportScaffold.main(TrendReportScaffold.java:90)
2019-10-02 14:28:58,146 [main] ERROR gov.ca.water.quickresults.ui.projectconfig.ProjectConfigurationPanel - Error setting up quick results swing xml: Project_Configuration.xml
java.io.IOException: Resource could not be found ui/Project_Configuration.xml
	at org.swixml.SwingEngine.render(Unknown Source)
	at gov.ca.water.quickresults.ui.EpptPanel.renderSwixml(EpptPanel.java:93)
	at gov.ca.water.quickresults.ui.projectconfig.ProjectConfigurationPanel.<init>(ProjectConfigurationPanel.java:67)
	at gov.ca.water.quickresults.ui.projectconfig.ProjectConfigurationPanel.<clinit>(ProjectConfigurationPanel.java:56)
	at gov.ca.water.trendreporting.TrendReportPanel.setScenarioRuns(TrendReportPanel.java:350)
	at gov.ca.water.trendreporting.TrendReportScaffold.initScaffold(TrendReportScaffold.java:75)
	at gov.ca.water.trendreporting.TrendReportScaffold.main(TrendReportScaffold.java:90)
2020-02-27 09:03:34,611 [main] ERROR gov.ca.water.calgui.techservice.impl.FileSystemSvcImpl - File missing : C:\Git\DWR\EPPT\DWR-Enhanced-Post-Processing-Tool\eppt-trend-reporting\target\test-classes\dwr_eppt\config\MonthlyPeriodFilters.csv
2020-02-27 09:04:22,173 [main] ERROR gov.ca.water.calgui.techservice.impl.FileSystemSvcImpl - File missing : C:\Git\DWR\EPPT\DWR-Enhanced-Post-Processing-Tool\eppt-trend-reporting\target\test-classes\dwr_eppt\config\MonthlyPeriodFilters.csv
2020-02-27 09:05:09,976 [main] ERROR gov.ca.water.calgui.techservice.impl.FileSystemSvcImpl - File missing : C:\Git\DWR\EPPT\DWR-Enhanced-Post-Processing-Tool\eppt-trend-reporting\target\test-classes\dwr_eppt\config\AnnualPeriodFilters.csv
2020-03-06 14:45:25,637 [main] ERROR gov.ca.water.calgui.techservice.impl.FileSystemSvcImpl - File missing : C:\Git\DWR\EPPT\DWR-Enhanced-Post-Processing-Tool\eppt-trend-reporting\target\test-classes\dwr_eppt\config\AnnualPeriodFilters.csv
2020-03-06 14:45:55,240 [main] ERROR gov.ca.water.calgui.techservice.impl.FileSystemSvcImpl - File missing : C:\Git\DWR\EPPT\DWR-Enhanced-Post-Processing-Tool\eppt-trend-reporting\target\test-classes\dwr_eppt\config\AnnualPeriodFilters.csv
2020-03-06 15:33:23,426 [main] ERROR gov.ca.water.calgui.techservice.impl.FileSystemSvcImpl - File missing : C:\Git\DWR\EPPT\DWR-Enhanced-Post-Processing-Tool\eppt-trend-reporting\dwr_eppt\config\GUILinks.csv
2020-03-06 15:33:23,429 [main] ERROR gov.ca.water.calgui.busservice.impl.GuiLinksSeedDataSvcImpl - File missing : C:\Git\DWR\EPPT\DWR-Enhanced-Post-Processing-Tool\eppt-trend-reporting\dwr_eppt\config\GUILinks.csv
gov.ca.water.calgui.bo.CalLiteGUIExceptionFatal: File missing : C:\Git\DWR\EPPT\DWR-Enhanced-Post-Processing-Tool\eppt-trend-reporting\dwr_eppt\config\GUILinks.csv
	at gov.ca.water.calgui.techservice.impl.FileSystemSvcImpl.getFileData(FileSystemSvcImpl.java:77)
	at gov.ca.water.calgui.techservice.impl.FileSystemSvcImpl.getFileData(FileSystemSvcImpl.java:92)
	at gov.ca.water.calgui.busservice.impl.GuiLinksSeedDataSvcImpl.initGuiLinksAllModels(GuiLinksSeedDataSvcImpl.java:95)
	at gov.ca.water.calgui.busservice.impl.GuiLinksSeedDataSvcImpl.<init>(GuiLinksSeedDataSvcImpl.java:54)
	at gov.ca.water.calgui.busservice.impl.GuiLinksSeedDataSvcImpl.createSeedDataSvcImplInstance(GuiLinksSeedDataSvcImpl.java:85)
	at gov.ca.water.trendreporting.TrendReportScaffold.initScaffold(TrendReportScaffold.java:74)
	at gov.ca.water.trendreporting.TrendReportScaffold.main(TrendReportScaffold.java:197)
Caused by: java.io.FileNotFoundException: File missing : C:\Git\DWR\EPPT\DWR-Enhanced-Post-Processing-Tool\eppt-trend-reporting\dwr_eppt\config\GUILinks.csv
	at gov.ca.water.calgui.techservice.impl.FileSystemSvcImpl.getFileData(FileSystemSvcImpl.java:74)
	... 6 more
